2023-09-13 21:10:47,636; INFO; **Started with param (lien: https://www.breizhchrono.com/detail-de-la-course/triathlondecaen-duathlonsdeskid-s-2023-16406, club: Rennes triathlon)**
2023-09-13 21:10:47,636; INFO; scrapURLS method start
2023-09-13 21:10:48,490; INFO; initPageScrappers method start
2023-09-13 21:10:48,490; INFO; PageScrapper instance init (https://www.breizhchrono.com/detail-de-la-course/triathlondecaen-duathlonsdeskid-s-2023-16406)
2023-09-13 21:10:48,490; INFO; PageScrapper instance init (https://www.breizhchrono.com/detail-de-la-course/triathlondecaen-duathlondesmini-kid-s-2023-16407)
2023-09-13 21:10:48,490; INFO; PageScrapper instance init (https://www.breizhchrono.com/detail-de-la-course/triathlondecaen-triathlonscontrelamontreparequipe-2023-16414)
2023-09-13 21:10:48,490; INFO; PageScrapper instance init (https://www.breizhchrono.com/detail-de-la-course/triathlondecaen-triathlonxsenindividuel-2023-16419)
2023-09-13 21:10:48,490; INFO; launchPageScrappers method start
2023-09-13 21:10:48,490; INFO; PageScrapper scrapDataAthlete start (instance of https://www.breizhchrono.com/detail-de-la-course/triathlondecaen-duathlonsdeskid-s-2023-16406)
2023-09-13 21:10:49,217; WARNING; PageScrapper scrapDataAthlete warning (find table), check ./errors_pages/https-www-breizhchrono-com-detail-de-la-course-triathlondecaen-duathlonsdeskid-s-2023-16406.html (instance of https://www.breizhchrono.com/detail-de-la-course/triathlondecaen-duathlonsdeskid-s-2023-16406) error message: 'NoneType' object has no attribute 'find'
2023-09-13 21:10:49,229; INFO; PageScrapper scrapDataAthlete start (instance of https://www.breizhchrono.com/detail-de-la-course/triathlondecaen-duathlondesmini-kid-s-2023-16407)
2023-09-13 21:10:49,925; WARNING; PageScrapper scrapDataAthlete warning (find table), check ./errors_pages/https-www-breizhchrono-com-detail-de-la-course-triathlondecaen-duathlondesmini-kid-s-2023-16407.html (instance of https://www.breizhchrono.com/detail-de-la-course/triathlondecaen-duathlondesmini-kid-s-2023-16407) error message: 'NoneType' object has no attribute 'find'
2023-09-13 21:10:49,937; INFO; PageScrapper scrapDataAthlete start (instance of https://www.breizhchrono.com/detail-de-la-course/triathlondecaen-triathlonscontrelamontreparequipe-2023-16414)
2023-09-13 21:10:50,676; WARNING; PageScrapper scrapDataAthlete warning (find table), check ./errors_pages/https-www-breizhchrono-com-detail-de-la-course-triathlondecaen-triathlonscontrelamontreparequipe-2023-16414.html (instance of https://www.breizhchrono.com/detail-de-la-course/triathlondecaen-triathlonscontrelamontreparequipe-2023-16414) error message: 'NoneType' object has no attribute 'find'
2023-09-13 21:10:50,687; INFO; PageScrapper scrapDataAthlete start (instance of https://www.breizhchrono.com/detail-de-la-course/triathlondecaen-triathlonxsenindividuel-2023-16419)
2023-09-13 21:10:51,417; WARNING; PageScrapper scrapDataAthlete warning (find table), check ./errors_pages/https-www-breizhchrono-com-detail-de-la-course-triathlondecaen-triathlonxsenindividuel-2023-16419.html (instance of https://www.breizhchrono.com/detail-de-la-course/triathlondecaen-triathlonxsenindividuel-2023-16419) error message: 'NoneType' object has no attribute 'find'
2023-09-13 21:10:51,429; INFO; getAthleteData2CSV method start
2023-09-13 21:10:51,429; WARNING; No athlete of club found on this event
2023-09-13 21:10:51,430; INFO; getEventNameandFilename method start
2023-09-13 21:11:55,719; INFO; **Started with param (lien: https://www.breizhchrono.com/detail-de-la-course/triathlondecaen-duathlonsdeskid-s-2023-16406, club: Rennes triathlon)**
2023-09-13 21:11:55,719; INFO; scrapURLS method start
2023-09-13 21:11:56,512; INFO; initPageScrappers method start
2023-09-13 21:11:56,512; INFO; PageScrapper instance init (https://www.breizhchrono.com/detail-de-la-course/triathlondecaen-duathlonsdeskid-s-2023-16406)
2023-09-13 21:11:56,512; INFO; PageScrapper instance init (https://www.breizhchrono.com/detail-de-la-course/triathlondecaen-duathlondesmini-kid-s-2023-16407)
2023-09-13 21:11:56,512; INFO; PageScrapper instance init (https://www.breizhchrono.com/detail-de-la-course/triathlondecaen-triathlonscontrelamontreparequipe-2023-16414)
2023-09-13 21:11:56,512; INFO; PageScrapper instance init (https://www.breizhchrono.com/detail-de-la-course/triathlondecaen-triathlonxsenindividuel-2023-16419)
2023-09-13 21:11:56,512; INFO; launchPageScrappers method start
2023-09-13 21:11:56,512; INFO; PageScrapper scrapDataAthlete start (instance of https://www.breizhchrono.com/detail-de-la-course/triathlondecaen-duathlonsdeskid-s-2023-16406)
2023-09-13 21:11:57,237; WARNING; PageScrapper scrapDataAthlete warning (find table), check ./errors_pages/https-www-breizhchrono-com-detail-de-la-course-triathlondecaen-duathlonsdeskid-s-2023-16406.html (instance of https://www.breizhchrono.com/detail-de-la-course/triathlondecaen-duathlonsdeskid-s-2023-16406) error message: 'NoneType' object has no attribute 'find'
2023-09-13 21:11:57,248; INFO; PageScrapper scrapDataAthlete start (instance of https://www.breizhchrono.com/detail-de-la-course/triathlondecaen-duathlondesmini-kid-s-2023-16407)
2023-09-13 21:11:58,016; WARNING; PageScrapper scrapDataAthlete warning (find table), check ./errors_pages/https-www-breizhchrono-com-detail-de-la-course-triathlondecaen-duathlondesmini-kid-s-2023-16407.html (instance of https://www.breizhchrono.com/detail-de-la-course/triathlondecaen-duathlondesmini-kid-s-2023-16407) error message: 'NoneType' object has no attribute 'find'
2023-09-13 21:11:58,027; INFO; PageScrapper scrapDataAthlete start (instance of https://www.breizhchrono.com/detail-de-la-course/triathlondecaen-triathlonscontrelamontreparequipe-2023-16414)
2023-09-13 21:11:58,776; WARNING; PageScrapper scrapDataAthlete warning (find table), check ./errors_pages/https-www-breizhchrono-com-detail-de-la-course-triathlondecaen-triathlonscontrelamontreparequipe-2023-16414.html (instance of https://www.breizhchrono.com/detail-de-la-course/triathlondecaen-triathlonscontrelamontreparequipe-2023-16414) error message: 'NoneType' object has no attribute 'find'
2023-09-13 21:11:58,788; INFO; PageScrapper scrapDataAthlete start (instance of https://www.breizhchrono.com/detail-de-la-course/triathlondecaen-triathlonxsenindividuel-2023-16419)
2023-09-13 21:11:59,588; WARNING; PageScrapper scrapDataAthlete warning (find table), check ./errors_pages/https-www-breizhchrono-com-detail-de-la-course-triathlondecaen-triathlonxsenindividuel-2023-16419.html (instance of https://www.breizhchrono.com/detail-de-la-course/triathlondecaen-triathlonxsenindividuel-2023-16419) error message: 'NoneType' object has no attribute 'find'
2023-09-13 21:11:59,599; INFO; getAthleteData2CSV method start
2023-09-13 21:11:59,600; WARNING; No athlete of club found on this event
2023-09-13 21:11:59,600; INFO; getEventNameandFilename method start
2023-09-13 21:11:59,600; INFO; *End scrapping - duration: 3.88179874420166*
2023-09-13 21:11:59,605; INFO; email correctly setup (sender: nathansakkriou.newsletter@gmail.com, receiver: nathansakkriou@gmail.com)
2023-09-13 21:12:00,694; INFO; email send ! (sender: nathansakkriou.newsletter@gmail.com, receiver: nathansakkriou@gmail.com)
2023-09-13 21:12:00,735; INFO; **End scrapping + mail - duration: 5.016271591186523**
2023-09-13 21:12:00,735; INFO; **Started with param (lien: https://www.breizhchrono.com/detail-de-la-course/brenn-triman-triathlonlenrelais-2023-16402, club: Rennes triathlon)**
2023-09-13 21:12:00,735; INFO; scrapURLS method start
2023-09-13 21:12:01,464; INFO; initPageScrappers method start
2023-09-13 21:12:01,464; INFO; PageScrapper instance init (https://www.breizhchrono.com/detail-de-la-course/brenn-triman-triathlonlenrelais-2023-16402)
2023-09-13 21:12:01,464; INFO; PageScrapper instance init (https://www.breizhchrono.com/detail-de-la-course/brenn-triman-triathlonl-2023-16403)
2023-09-13 21:12:01,464; INFO; launchPageScrappers method start
2023-09-13 21:12:01,464; INFO; PageScrapper scrapDataAthlete start (instance of https://www.breizhchrono.com/detail-de-la-course/brenn-triman-triathlonlenrelais-2023-16402)
2023-09-13 21:12:02,458; WARNING; PageScrapper scrapDataAthlete warning (find table), check ./errors_pages/https-www-breizhchrono-com-detail-de-la-course-brenn-triman-triathlonlenrelais-2023-16402.html (instance of https://www.breizhchrono.com/detail-de-la-course/brenn-triman-triathlonlenrelais-2023-16402) error message: 'NoneType' object has no attribute 'find'
2023-09-13 21:12:02,470; INFO; PageScrapper scrapDataAthlete start (instance of https://www.breizhchrono.com/detail-de-la-course/brenn-triman-triathlonl-2023-16403)
2023-09-13 21:12:03,187; WARNING; PageScrapper scrapDataAthlete warning (find table), check ./errors_pages/https-www-breizhchrono-com-detail-de-la-course-brenn-triman-triathlonl-2023-16403.html (instance of https://www.breizhchrono.com/detail-de-la-course/brenn-triman-triathlonl-2023-16403) error message: 'NoneType' object has no attribute 'find'
2023-09-13 21:12:03,211; INFO; getAthleteData2CSV method start
2023-09-13 21:12:03,211; WARNING; No athlete of club found on this event
2023-09-13 21:12:03,212; INFO; getEventNameandFilename method start
2023-09-13 21:12:03,212; INFO; *End scrapping - duration: 2.4770264625549316*
2023-09-13 21:12:03,213; INFO; email correctly setup (sender: nathansakkriou.newsletter@gmail.com, receiver: nathansakkriou@gmail.com)
2023-09-13 21:12:03,940; INFO; email send ! (sender: nathansakkriou.newsletter@gmail.com, receiver: nathansakkriou@gmail.com)
2023-09-13 21:12:03,989; INFO; **End scrapping + mail - duration: 3.2545831203460693**
2023-09-13 21:12:03,990; INFO; **Started with param (lien: https://www.breizhchrono.com/detail-de-la-course/lesfouleeslindoisesvaincreensemblelascleroseenplaques-lasauveboeufoise11km-2023-16404, club: Rennes triathlon)**
2023-09-13 21:12:03,990; INFO; scrapURLS method start
2023-09-13 21:12:04,867; INFO; initPageScrappers method start
2023-09-13 21:12:04,868; INFO; PageScrapper instance init (https://www.breizhchrono.com/detail-de-la-course/lesfouleeslindoisesvaincreensemblelascleroseenplaques-lasauveboeufoise11km-2023-16404)
2023-09-13 21:12:04,868; INFO; PageScrapper instance init (https://www.breizhchrono.com/detail-de-la-course/lesfouleeslindoisesvaincreensemblelascleroseenplaques-latracedudrayaux18km-2023-16405)
2023-09-13 21:12:04,868; INFO; launchPageScrappers method start
2023-09-13 21:12:04,868; INFO; PageScrapper scrapDataAthlete start (instance of https://www.breizhchrono.com/detail-de-la-course/lesfouleeslindoisesvaincreensemblelascleroseenplaques-lasauveboeufoise11km-2023-16404)
